#
# A fatal error has been detected by the Java Runtime Environment:
#
#  SIGSEGV (0xb) at pc=0x000000010e34fc4f, pid=50618, tid=4867
#
# JRE version: Java(TM) SE Runtime Environment (8.0_60-b27) (build 1.8.0_60-b27)
# Java VM: Java HotSpot(TM) 64-Bit Server VM (25.60-b23 mixed mode bsd-amd64 compressed oops)
# Problematic frame:
# V  [libjvm.dylib+0x322c4f]  Klass::is_subtype_of(Klass*) const+0x7
#
# Failed to write core dump. Core dumps have been disabled. To enable core dumping, try "ulimit -c unlimited" before starting Java again
#
# If you would like to submit a bug report, please visit:
#   http://bugreport.java.com/bugreport/crash.jsp
#

---------------  T H R E A D  ---------------

Current thread (0x00007fd03a802000):  JavaThread "main" [_thread_in_vm, id=4867, stack(0x000000010f801000,0x000000010f901000)]

siginfo: si_signo: 11 (SIGSEGV), si_code: 1 (SEGV_MAPERR), si_addr: 0x00000000723b41f8

Registers:
RAX=0x0000000000000018, RBX=0x00007fd039e0a298, RCX=0x000000010e901b03, RDX=0x000000010e8f2ed0
RSP=0x000000010f900450, RBP=0x000000010f900450, RSI=0x00000007c0040570, RDI=0x00000000723b41e0
R8 =0x0000000000000320, R9 =0x0000000000000258, R10=0x00007fd039d02410, R11=0x00007fff74ab55e0
R12=0x0000000000000000, R13=0x0000000121a9c9e0, R14=0x0000000121a9c9e8, R15=0x00007fd03a8021f8
RIP=0x000000010e34fc4f, EFLAGS=0x0000000000010202, ERR=0x0000000000000004
  TRAPNO=0x000000000000000e

Top of Stack: (sp=0x000000010f900450)
0x000000010f900450:   000000010f900480 000000010e33ea04
0x000000010f900460:   00007fd03a802000 0000000121a9c9e8
0x000000010f900470:   00007fd03a8021f8 00007fd03a802000
0x000000010f900480:   000000010f9004b0 000000010e34d509
0x000000010f900490:   000000010f9004b0 00007fd03a8021f8
0x000000010f9004a0:   000000010f900638 00007fd03a802000
0x000000010f9004b0:   000000010f900520 0000000129bd2f25
0x000000010f9004c0:   00000064000000f0 0000032000000258
0x000000010f9004d0:   000000010f900638 0000000121a9c9e8
0x000000010f9004e0:   00007fd03a802000 0000000121a9c9e8
0x000000010f9004f0:   0000000121a9c9e8 0000000121a9c9e8
0x000000010f900500:   0000000000000000 0000000121a9c9e0
0x000000010f900510:   000000010f900638 00007fd03a802000
0x000000010f900520:   000000010f9005c8 000000010f94d954
0x000000010f900530:   00007fd000000000 00007fd000000000
0x000000010f900540:   0000000100000000 0000000100000000
0x000000010f900550:   000000010f9005f0 0000000000000000
0x000000010f900560:   0000000121a9c9e8 000000010f900638
0x000000010f900570:   000000010f9005c8 000000010f94d6e7
0x000000010f900580:   000000010f94d6a2 000000010f900588
0x000000010f900590:   0000000121a9c9e0 000000010f900638
0x000000010f9005a0:   0000000121ab4ec8 0000000000000000
0x000000010f9005b0:   0000000121a9c9e8 0000000000000000
0x000000010f9005c0:   000000010f9005e8 000000010f900688
0x000000010f9005d0:   000000010f93f9d0 0000000000000000
0x000000010f9005e0:   000000010f94757b 0000000000000000
0x000000010f9005f0:   00000007aaf31ef0 0000000000000000
0x000000010f900600:   0000000000000000 0000000000000000
0x000000010f900610:   0000000000000000 0000000000000258
0x000000010f900620:   0000000000000320 0000000000000064
0x000000010f900630:   00000000000000f0 00000007aaf1b228
0x000000010f900640:   00000007aaf1b228 000000010f900648 

Instructions: (pc=0x000000010e34fc4f)
0x000000010e34fc2f:   00 00 c7 43 68 00 00 00 00 c6 43 70 00 48 83 c4
0x000000010e34fc3f:   08 5b 41 5e 41 5f 5d c3 90 55 48 89 e5 8b 46 0c
0x000000010e34fc4f:   48 39 34 07 75 04 b0 01 eb 0e 83 f8 18 74 04 30
0x000000010e34fc5f:   c0 eb 05 e8 51 84 08 00 0f b6 c0 5d c3 90 90 55 

Register to memory mapping:

RAX=0x0000000000000018 is an unknown value
RBX=0x00007fd039e0a298 is a global jni handle
RCX=0x000000010e901b03: UnlockExperimentalVMOptions+0 in /Library/Java/JavaVirtualMachines/jdk1.8.0_60.jdk/Contents/Home/jre/lib/server/libjvm.dylib at 0x000000010e02d000
RDX=0x000000010e8f2ed0: _ZTV6Method+0x10 in /Library/Java/JavaVirtualMachines/jdk1.8.0_60.jdk/Contents/Home/jre/lib/server/libjvm.dylib at 0x000000010e02d000
RSP=0x000000010f900450 is pointing into the stack for thread: 0x00007fd03a802000
RBP=0x000000010f900450 is pointing into the stack for thread: 0x00007fd03a802000
RSI=0x00000007c0040570 is pointing into metadata
RDI=0x00000000723b41e0 is an unknown value
R8 =0x0000000000000320 is an unknown value
R9 =0x0000000000000258 is an unknown value
R10=0x00007fd039d02410 is an unknown value
R11=0x00007fff74ab55e0: OBJC_CLASS_$_NSAutoreleasePool+0 in /System/Library/Frameworks/Foundation.framework/Versions/C/Foundation at 0x00007fff86bdf000
R12=0x0000000000000000 is an unknown value
R13=0x0000000121a9c9e0 is pointing into metadata
R14={method} {0x0000000121a9c9e8} 'nCreateWindow' '(IIIIZZZZLjava/nio/ByteBuffer;Ljava/nio/ByteBuffer;)Ljava/nio/ByteBuffer;' in 'org/lwjgl/opengl/MacOSXDisplay'
R15=0x00007fd03a8021f8 is an unknown value


Stack: [0x000000010f801000,0x000000010f901000],  sp=0x000000010f900450,  free space=1021k
Native frames: (J=compiled Java code, j=interpreted, Vv=VM code, C=native code)
V  [libjvm.dylib+0x322c4f]  Klass::is_subtype_of(Klass*) const+0x7
V  [libjvm.dylib+0x311a04]  jni_IsInstanceOf+0x88
V  [libjvm.dylib+0x320509]  jni_GetDirectBufferAddress+0x60
C  [liblwjgl.dylib+0xbf25]  Java_org_lwjgl_opengl_MacOSXDisplay_nCreateWindow+0x65
j  org.lwjgl.opengl.MacOSXDisplay.nCreateWindow(IIIIZZZZLjava/nio/ByteBuffer;Ljava/nio/ByteBuffer;)Ljava/nio/ByteBuffer;+0
j  org.lwjgl.opengl.MacOSXDisplay.createWindow(Lorg/lwjgl/opengl/DrawableLWJGL;Lorg/lwjgl/opengl/DisplayMode;Ljava/awt/Canvas;II)V+120
j  org.lwjgl.opengl.Display.createWindow()V+71
j  org.lwjgl.opengl.Display.create(Lorg/lwjgl/opengl/PixelFormat;Lorg/lwjgl/opengl/Drawable;Lorg/lwjgl/opengl/ContextAttribs;)V+72
j  org.lwjgl.opengl.Display.create(Lorg/lwjgl/opengl/PixelFormat;)V+12
j  lenz.opengl.AbstractSimpleBase.start(IILjava/lang/String;)V+27
j  carage.Carage.main([Ljava/lang/String;)V+15
v  ~StubRoutines::call_stub
V  [libjvm.dylib+0x2eab0e]  JavaCalls::call_helper(JavaValue*, methodHandle*, JavaCallArguments*, Thread*)+0x6ae
V  [libjvm.dylib+0x321820]  jni_invoke_static(JNIEnv_*, JavaValue*, _jobject*, JNICallType, _jmethodID*, JNI_ArgumentPusher*, Thread*)+0x1bf
V  [libjvm.dylib+0x31a59a]  jni_CallStaticVoidMethod+0x15d
C  [java+0x393e]  JavaMain+0x9b1
C  [libsystem_pthread.dylib+0x3268]  _pthread_body+0x83
C  [libsystem_pthread.dylib+0x31e5]  _pthread_body+0x0
C  [libsystem_pthread.dylib+0x141d]  thread_start+0xd
C  0x0000000000000000

Java frames: (J=compiled Java code, j=interpreted, Vv=VM code)
j  org.lwjgl.opengl.MacOSXDisplay.nCreateWindow(IIIIZZZZLjava/nio/ByteBuffer;Ljava/nio/ByteBuffer;)Ljava/nio/ByteBuffer;+0
j  org.lwjgl.opengl.MacOSXDisplay.createWindow(Lorg/lwjgl/opengl/DrawableLWJGL;Lorg/lwjgl/opengl/DisplayMode;Ljava/awt/Canvas;II)V+120
j  org.lwjgl.opengl.Display.createWindow()V+71
j  org.lwjgl.opengl.Display.create(Lorg/lwjgl/opengl/PixelFormat;Lorg/lwjgl/opengl/Drawable;Lorg/lwjgl/opengl/ContextAttribs;)V+72
j  org.lwjgl.opengl.Display.create(Lorg/lwjgl/opengl/PixelFormat;)V+12
j  lenz.opengl.AbstractSimpleBase.start(IILjava/lang/String;)V+27
j  carage.Carage.main([Ljava/lang/String;)V+15
v  ~StubRoutines::call_stub

---------------  P R O C E S S  ---------------

Java Threads: ( => current thread )
  0x00007fd03b132800 JavaThread "AWT-Shutdown" [_thread_blocked, id=27923, stack(0x0000000126d1b000,0x0000000126e1b000)]
  0x00007fd03b06e800 JavaThread "AppKit Thread" daemon [_thread_in_native, id=1811, stack(0x00007fff514d2000,0x00007fff51cd2000)]
  0x00007fd03b074000 JavaThread "Service Thread" daemon [_thread_blocked, id=18179, stack(0x0000000125164000,0x0000000125264000)]
  0x00007fd03a012800 JavaThread "C1 CompilerThread2" daemon [_thread_blocked, id=17667, stack(0x0000000125061000,0x0000000125161000)]
  0x00007fd03a012000 JavaThread "C2 CompilerThread1" daemon [_thread_blocked, id=17155, stack(0x0000000124f5e000,0x000000012505e000)]
  0x00007fd03b016800 JavaThread "C2 CompilerThread0" daemon [_thread_blocked, id=16643, stack(0x0000000124e5b000,0x0000000124f5b000)]
  0x00007fd03b015800 JavaThread "Signal Dispatcher" daemon [_thread_blocked, id=13335, stack(0x0000000124d58000,0x0000000124e58000)]
  0x00007fd03a843000 JavaThread "Finalizer" daemon [_thread_blocked, id=11523, stack(0x0000000123344000,0x0000000123444000)]
  0x00007fd03a83c800 JavaThread "Reference Handler" daemon [_thread_blocked, id=11011, stack(0x0000000123241000,0x0000000123341000)]
=>0x00007fd03a802000 JavaThread "main" [_thread_in_vm, id=4867, stack(0x000000010f801000,0x000000010f901000)]

Other Threads:
  0x00007fd03a83a000 VMThread [stack: 0x000000012313e000,0x000000012323e000] [id=10499]
  0x00007fd03a810800 WatcherThread [stack: 0x0000000125267000,0x0000000125367000] [id=18691]

VM state:not at safepoint (normal execution)

VM Mutex/Monitor currently owned by a thread: None

Heap:
 PSYoungGen      total 18944K, used 4349K [0x00000007aab00000, 0x00000007ac000000, 0x00000007c0000000)
  eden space 16384K, 26% used [0x00000007aab00000,0x00000007aaf3f7b0,0x00000007abb00000)
  from space 2560K, 0% used [0x00000007abd80000,0x00000007abd80000,0x00000007ac000000)
  to   space 2560K, 0% used [0x00000007abb00000,0x00000007abb00000,0x00000007abd80000)
 ParOldGen       total 44032K, used 0K [0x0000000780000000, 0x0000000782b00000, 0x00000007aab00000)
  object space 44032K, 0% used [0x0000000780000000,0x0000000780000000,0x0000000782b00000)
 Metaspace       used 4866K, capacity 5028K, committed 5248K, reserved 1056768K
  class space    used 542K, capacity 600K, committed 640K, reserved 1048576K

Card table byte_map: [0x000000011ecf8000,0x000000011eef9000] byte_map_base: 0x000000011b0f8000

Marking Bits: (ParMarkBitMap*) 0x000000010e90be20
 Begin Bits: [0x000000011f45b000, 0x000000012045b000)
 End Bits:   [0x000000012045b000, 0x000000012145b000)

Polling page: 0x000000010efdb000

CodeCache: size=245760Kb used=1615Kb max_used=1615Kb free=244144Kb
 bounds [0x000000010f938000, 0x000000010fba8000, 0x000000011e938000]
 total_blobs=552 nmethods=281 adapters=185
 compilation: enabled

Compilation events (10 events):
Event: 0.737 Thread 0x00007fd03a012800 nmethod 276 0x000000010fac7f90 code [0x000000010fac8120, 0x000000010fac8488]
Event: 0.738 Thread 0x00007fd03a012800  277       3       java.io.UnixFileSystem::prefixLength (25 bytes)
Event: 0.739 Thread 0x00007fd03a012800 nmethod 277 0x000000010fac8590 code [0x000000010fac8720, 0x000000010fac8bc8]
Event: 0.739 Thread 0x00007fd03a012800  278       3       sun.net.www.ParseUtil::encodePath (336 bytes)
Event: 0.741 Thread 0x00007fd03a012800 nmethod 278 0x000000010fac9210 code [0x000000010fac9480, 0x000000010faca458]
Event: 0.741 Thread 0x00007fd03a012800  279       3       java.lang.Character::toUpperCase (6 bytes)
Event: 0.741 Thread 0x00007fd03a012800 nmethod 279 0x000000010facadd0 code [0x000000010facaf60, 0x000000010facb1f8]
Event: 0.741 Thread 0x00007fd03a012800  280       3       java.lang.Character::toUpperCase (9 bytes)
Event: 0.741 Thread 0x00007fd03a012800 nmethod 280 0x000000010facb310 code [0x000000010facb480, 0x000000010facb6b8]
Event: 0.759 Thread 0x00007fd03a012800  281  s    3       java.lang.StringBuffer::append (13 bytes)

GC Heap History (0 events):
No events

Deoptimization events (1 events):
Event: 0.247 Thread 0x00007fd03a802000 Uncommon trap: reason=unstable_if action=reinterpret pc=0x000000010fa71000 method=java.lang.String.indexOf(II)I @ 49

Internal exceptions (10 events):
Event: 0.171 Thread 0x00007fd03a802000 Exception <a 'java/security/PrivilegedActionException'> (0x00000007aac5c1f8) thrown at [/Users/java_re/workspace/8-2-build-macosx-x86_64/jdk8u60/4407/hotspot/src/share/vm/prims/jvm.cpp, line 1386]
Event: 0.225 Thread 0x00007fd03a802000 Exception <a 'java/security/PrivilegedActionException'> (0x00000007aad349f0) thrown at [/Users/java_re/workspace/8-2-build-macosx-x86_64/jdk8u60/4407/hotspot/src/share/vm/prims/jvm.cpp, line 1386]
Event: 0.225 Thread 0x00007fd03a802000 Exception <a 'java/security/PrivilegedActionException'> (0x00000007aad34c00) thrown at [/Users/java_re/workspace/8-2-build-macosx-x86_64/jdk8u60/4407/hotspot/src/share/vm/prims/jvm.cpp, line 1386]
Event: 0.226 Thread 0x00007fd03a802000 Exception <a 'java/security/PrivilegedActionException'> (0x00000007aad38088) thrown at [/Users/java_re/workspace/8-2-build-macosx-x86_64/jdk8u60/4407/hotspot/src/share/vm/prims/jvm.cpp, line 1386]
Event: 0.226 Thread 0x00007fd03a802000 Exception <a 'java/security/PrivilegedActionException'> (0x00000007aad38298) thrown at [/Users/java_re/workspace/8-2-build-macosx-x86_64/jdk8u60/4407/hotspot/src/share/vm/prims/jvm.cpp, line 1386]
Event: 0.281 Thread 0x00007fd03a802000 Exception <a 'java/lang/NoSuchFieldError': method resolution failed> (0x00000007aae06ac8) thrown at [/Users/java_re/workspace/8-2-build-macosx-x86_64/jdk8u60/4407/hotspot/src/share/vm/prims/methodHandles.cpp, line 1146]
Event: 0.285 Thread 0x00007fd03a802000 Exception <a 'java/lang/NoSuchFieldError': method resolution failed> (0x00000007aae14218) thrown at [/Users/java_re/workspace/8-2-build-macosx-x86_64/jdk8u60/4407/hotspot/src/share/vm/prims/methodHandles.cpp, line 1146]
Event: 0.689 Thread 0x00007fd03a802000 Exception <a 'java/io/FileNotFoundException'> (0x00000007aae8f400) thrown at [/Users/java_re/workspace/8-2-build-macosx-x86_64/jdk8u60/4407/hotspot/src/share/vm/prims/jni.cpp, line 709]
Event: 0.689 Thread 0x00007fd03a802000 Exception <a 'java/io/FileNotFoundException'> (0x00000007aae8ff80) thrown at [/Users/java_re/workspace/8-2-build-macosx-x86_64/jdk8u60/4407/hotspot/src/share/vm/prims/jni.cpp, line 709]
Event: 0.713 Thread 0x00007fd03a802000 Exception <a 'java/lang/UnsatisfiedLinkError'> (0x00000007aaeefd88) thrown at [/Users/java_re/workspace/8-2-build-macosx-x86_64/jdk8u60/4407/hotspot/src/share/vm/prims/jvm.cpp, line 1390]

Events (10 events):
Event: 0.740 loading class org/lwjgl/opengl/Display$4
Event: 0.740 loading class org/lwjgl/opengl/Display$4 done
Event: 0.741 loading class java/lang/InterruptedException
Event: 0.741 loading class java/lang/InterruptedException done
Event: 0.741 loading class java/awt/Container
Event: 0.742 loading class java/awt/Container done
Event: 0.756 loading class org/lwjgl/opengl/AWTSurfaceLock
Event: 0.756 loading class org/lwjgl/opengl/AWTSurfaceLock done
Event: 0.759 loading class org/lwjgl/opengl/Display$7
Event: 0.759 loading class org/lwjgl/opengl/Display$7 done


Dynamic libraries:
0x0000000004547000 	/System/Library/Frameworks/Cocoa.framework/Versions/A/Cocoa
0x0000000004547000 	/System/Library/Frameworks/Security.framework/Versions/A/Security
0x0000000004547000 	/System/Library/Frameworks/ApplicationServices.framework/Versions/A/ApplicationServices
0x0000000004547000 	/usr/lib/libz.1.dylib
0x0000000004547000 	/usr/lib/libSystem.B.dylib
0x0000000004547000 	/usr/lib/libobjc.A.dylib
0x0000000004547000 	/System/Library/Frameworks/CoreFoundation.framework/Versions/A/CoreFoundation
0x0000000004547000 	/System/Library/Frameworks/Foundation.framework/Versions/C/Foundation
0x0000000004547000 	/System/Library/Frameworks/AppKit.framework/Versions/C/AppKit
0x0000000004547000 	/System/Library/Frameworks/CoreData.framework/Versions/A/CoreData
0x0000000004547000 	/System/Library/PrivateFrameworks/RemoteViewServices.framework/Versions/A/RemoteViewServices
0x0000000004547000 	/System/Library/PrivateFrameworks/UIFoundation.framework/Versions/A/UIFoundation
0x0000000004547000 	/System/Library/Frameworks/IOSurface.framework/Versions/A/IOSurface
0x0000000004547000 	/System/Library/Frameworks/AudioToolbox.framework/Versions/A/AudioToolbox
0x0000000004547000 	/System/Library/Frameworks/AudioUnit.framework/Versions/A/AudioUnit
0x0000000004547000 	/System/Library/PrivateFrameworks/DataDetectorsCore.framework/Versions/A/DataDetectorsCore
0x0000000004547000 	/System/Library/PrivateFrameworks/DesktopServicesPriv.framework/Versions/A/DesktopServicesPriv
0x0000000004547000 	/System/Library/Frameworks/Carbon.framework/Versions/A/Frameworks/HIToolbox.framework/Versions/A/HIToolbox
0x0000000004547000 	/System/Library/Frameworks/QuartzCore.framework/Versions/A/QuartzCore
0x0000000004547000 	/System/Library/Frameworks/Carbon.framework/Versions/A/Frameworks/SpeechRecognition.framework/Versions/A/SpeechRecognition
0x0000000004547000 	/usr/lib/libauto.dylib
0x0000000004547000 	/usr/lib/libicucore.A.dylib
0x0000000004547000 	/usr/lib/libxml2.2.dylib
0x0000000004547000 	/System/Library/PrivateFrameworks/CoreUI.framework/Versions/A/CoreUI
0x0000000004547000 	/System/Library/Frameworks/CoreAudio.framework/Versions/A/CoreAudio
0x0000000004547000 	/System/Library/Frameworks/DiskArbitration.framework/Versions/A/DiskArbitration
0x0000000004547000 	/usr/lib/liblangid.dylib
0x0000000004547000 	/System/Library/PrivateFrameworks/MultitouchSupport.framework/Versions/A/MultitouchSupport
0x0000000004547000 	/System/Library/Frameworks/IOKit.framework/Versions/A/IOKit
0x0000000004547000 	/usr/lib/libDiagnosticMessagesClient.dylib
0x0000000004547000 	/System/Library/Frameworks/CoreServices.framework/Versions/A/CoreServices
0x0000000004547000 	/System/Library/PrivateFrameworks/PerformanceAnalysis.framework/Versions/A/PerformanceAnalysis
0x0000000004547000 	/System/Library/PrivateFrameworks/GenerationalStorage.framework/Versions/A/GenerationalStorage
0x0000000004547000 	/System/Library/Frameworks/OpenGL.framework/Versions/A/OpenGL
0x0000000004547000 	/System/Library/PrivateFrameworks/Sharing.framework/Versions/A/Sharing
0x0000000004547000 	/System/Library/Frameworks/CoreGraphics.framework/Versions/A/CoreGraphics
0x0000000004547000 	/System/Library/Frameworks/CoreText.framework/Versions/A/CoreText
0x0000000004547000 	/System/Library/Frameworks/ImageIO.framework/Versions/A/ImageIO
0x0000000004547000 	/usr/lib/libextension.dylib
0x0000000004547000 	/System/Library/PrivateFrameworks/Backup.framework/Versions/A/Backup
0x0000000004547000 	/usr/lib/libarchive.2.dylib
0x0000000004547000 	/System/Library/Frameworks/CFNetwork.framework/Versions/A/CFNetwork
0x0000000004547000 	/System/Library/Frameworks/SystemConfiguration.framework/Versions/A/SystemConfiguration
0x0000000004547000 	/usr/lib/libCRFSuite.dylib
0x0000000004547000 	/usr/lib/libc++.1.dylib
0x0000000004547000 	/usr/lib/libc++abi.dylib
0x0000000004547000 	/usr/lib/system/libcache.dylib
0x0000000004547000 	/usr/lib/system/libcommonCrypto.dylib
0x0000000004547000 	/usr/lib/system/libcompiler_rt.dylib
0x0000000004547000 	/usr/lib/system/libcopyfile.dylib
0x0000000004547000 	/usr/lib/system/libcorecrypto.dylib
0x0000000004547000 	/usr/lib/system/libdispatch.dylib
0x0000000004547000 	/usr/lib/system/libdyld.dylib
0x0000000004547000 	/usr/lib/system/libkeymgr.dylib
0x0000000004547000 	/usr/lib/system/liblaunch.dylib
0x0000000004547000 	/usr/lib/system/libmacho.dylib
0x0000000004547000 	/usr/lib/system/libquarantine.dylib
0x0000000004547000 	/usr/lib/system/libremovefile.dylib
0x0000000004547000 	/usr/lib/system/libsystem_asl.dylib
0x0000000004547000 	/usr/lib/system/libsystem_blocks.dylib
0x0000000004547000 	/usr/lib/system/libsystem_c.dylib
0x0000000004547000 	/usr/lib/system/libsystem_configuration.dylib
0x0000000004547000 	/usr/lib/system/libsystem_coreservices.dylib
0x0000000004547000 	/usr/lib/system/libsystem_coretls.dylib
0x0000000004547000 	/usr/lib/system/libsystem_dnssd.dylib
0x0000000004547000 	/usr/lib/system/libsystem_info.dylib
0x0000000004547000 	/usr/lib/system/libsystem_kernel.dylib
0x0000000004547000 	/usr/lib/system/libsystem_m.dylib
0x0000000004547000 	/usr/lib/system/libsystem_malloc.dylib
0x0000000004547000 	/usr/lib/system/libsystem_network.dylib
0x0000000004547000 	/usr/lib/system/libsystem_networkextension.dylib
0x0000000004547000 	/usr/lib/system/libsystem_notify.dylib
0x0000000004547000 	/usr/lib/system/libsystem_platform.dylib
0x0000000004547000 	/usr/lib/system/libsystem_pthread.dylib
0x0000000004547000 	/usr/lib/system/libsystem_sandbox.dylib
0x0000000004547000 	/usr/lib/system/libsystem_secinit.dylib
0x0000000004547000 	/usr/lib/system/libsystem_stats.dylib
0x0000000004547000 	/usr/lib/system/libsystem_trace.dylib
0x0000000004547000 	/usr/lib/system/libunc.dylib
0x0000000004547000 	/usr/lib/system/libunwind.dylib
0x0000000004547000 	/usr/lib/system/libxpc.dylib
0x0000000004547000 	/usr/lib/libbz2.1.0.dylib
0x0000000004547000 	/usr/lib/liblzma.5.dylib
0x0000000004547000 	/usr/lib/libbsm.0.dylib
0x0000000004547000 	/usr/lib/libsqlite3.dylib
0x0000000004547000 	/usr/lib/system/libkxld.dylib
0x0000000004547000 	/usr/lib/libxar.1.dylib
0x0000000004547000 	/usr/lib/libpam.2.dylib
0x0000000004547000 	/usr/lib/libOpenScriptingUtil.dylib
0x0000000004547000 	/System/Library/Frameworks/CoreServices.framework/Versions/A/Frameworks/FSEvents.framework/Versions/A/FSEvents
0x0000000004547000 	/System/Library/Frameworks/CoreServices.framework/Versions/A/Frameworks/CarbonCore.framework/Versions/A/CarbonCore
0x0000000004547000 	/System/Library/Frameworks/CoreServices.framework/Versions/A/Frameworks/Metadata.framework/Versions/A/Metadata
0x0000000004547000 	/System/Library/Frameworks/CoreServices.framework/Versions/A/Frameworks/OSServices.framework/Versions/A/OSServices
0x0000000004547000 	/System/Library/Frameworks/CoreServices.framework/Versions/A/Frameworks/SearchKit.framework/Versions/A/SearchKit
0x0000000004547000 	/System/Library/Frameworks/CoreServices.framework/Versions/A/Frameworks/AE.framework/Versions/A/AE
0x0000000004547000 	/System/Library/Frameworks/CoreServices.framework/Versions/A/Frameworks/LaunchServices.framework/Versions/A/LaunchServices
0x0000000004547000 	/System/Library/Frameworks/CoreServices.framework/Versions/A/Frameworks/DictionaryServices.framework/Versions/A/DictionaryServices
0x0000000004547000 	/System/Library/Frameworks/NetFS.framework/Versions/A/NetFS
0x0000000004547000 	/System/Library/PrivateFrameworks/NetAuth.framework/Versions/A/NetAuth
0x0000000004547000 	/System/Library/PrivateFrameworks/login.framework/Versions/A/Frameworks/loginsupport.framework/Versions/A/loginsupport
0x0000000004547000 	/System/Library/PrivateFrameworks/TCC.framework/Versions/A/TCC
0x0000000004547000 	/usr/lib/libmecabra.dylib
0x0000000004547000 	/System/Library/Frameworks/ApplicationServices.framework/Versions/A/Frameworks/ATS.framework/Versions/A/ATS
0x0000000004547000 	/System/Library/Frameworks/ApplicationServices.framework/Versions/A/Frameworks/ColorSync.framework/Versions/A/ColorSync
0x0000000004547000 	/System/Library/Frameworks/ApplicationServices.framework/Versions/A/Frameworks/HIServices.framework/Versions/A/HIServices
0x0000000004547000 	/System/Library/Frameworks/ApplicationServices.framework/Versions/A/Frameworks/LangAnalysis.framework/Versions/A/LangAnalysis
0x0000000004547000 	/System/Library/Frameworks/ApplicationServices.framework/Versions/A/Frameworks/PrintCore.framework/Versions/A/PrintCore
0x0000000004547000 	/System/Library/Frameworks/ApplicationServices.framework/Versions/A/Frameworks/QD.framework/Versions/A/QD
0x0000000004547000 	/System/Library/Frameworks/ApplicationServices.framework/Versions/A/Frameworks/SpeechSynthesis.framework/Versions/A/SpeechSynthesis
0x0000000004547000 	/System/Library/Frameworks/Accelerate.framework/Versions/A/Accelerate
0x0000000004547000 	/System/Library/Frameworks/Accelerate.framework/Versions/A/Frameworks/vImage.framework/Versions/A/vImage
0x0000000004547000 	/System/Library/Frameworks/Accelerate.framework/Versions/A/Frameworks/vecLib.framework/Versions/A/vecLib
0x0000000004547000 	/System/Library/Frameworks/Accelerate.framework/Versions/A/Frameworks/vecLib.framework/Versions/A/libvDSP.dylib
0x0000000004547000 	/System/Library/Frameworks/Accelerate.framework/Versions/A/Frameworks/vecLib.framework/Versions/A/libvMisc.dylib
0x0000000004547000 	/System/Library/Frameworks/Accelerate.framework/Versions/A/Frameworks/vecLib.framework/Versions/A/libLAPACK.dylib
0x0000000004547000 	/System/Library/Frameworks/Accelerate.framework/Versions/A/Frameworks/vecLib.framework/Versions/A/libBLAS.dylib
0x0000000004547000 	/System/Library/Frameworks/Accelerate.framework/Versions/A/Frameworks/vecLib.framework/Versions/A/libLinearAlgebra.dylib
0x0000000004547000 	/System/Library/Frameworks/ApplicationServices.framework/Versions/A/Frameworks/ATS.framework/Versions/A/Resources/libFontParser.dylib
0x0000000004547000 	/System/Library/Frameworks/ApplicationServices.framework/Versions/A/Frameworks/ATS.framework/Versions/A/Resources/libFontRegistry.dylib
0x0000000004547000 	/System/Library/PrivateFrameworks/AppleVPA.framework/Versions/A/AppleVPA
0x0000000004547000 	/System/Library/PrivateFrameworks/AppleJPEG.framework/Versions/A/AppleJPEG
0x0000000004547000 	/System/Library/Frameworks/ImageIO.framework/Versions/A/Resources/libJPEG.dylib
0x0000000004547000 	/System/Library/Frameworks/ImageIO.framework/Versions/A/Resources/libTIFF.dylib
0x0000000004547000 	/System/Library/Frameworks/ImageIO.framework/Versions/A/Resources/libPng.dylib
0x0000000004547000 	/System/Library/Frameworks/ImageIO.framework/Versions/A/Resources/libGIF.dylib
0x0000000004547000 	/System/Library/Frameworks/ImageIO.framework/Versions/A/Resources/libJP2.dylib
0x0000000004547000 	/System/Library/Frameworks/ImageIO.framework/Versions/A/Resources/libRadiance.dylib
0x0000000004547000 	/System/Library/Frameworks/CoreVideo.framework/Versions/A/CoreVideo
0x0000000004547000 	/System/Library/Frameworks/OpenGL.framework/Versions/A/Libraries/libGLU.dylib
0x0000000004547000 	/System/Library/Frameworks/OpenGL.framework/Versions/A/Libraries/libGFXShared.dylib
0x0000000004547000 	/System/Library/Frameworks/OpenGL.framework/Versions/A/Libraries/libGL.dylib
0x0000000004547000 	/System/Library/Frameworks/OpenGL.framework/Versions/A/Libraries/libGLImage.dylib
0x0000000004547000 	/System/Library/Frameworks/OpenGL.framework/Versions/A/Libraries/libCVMSPluginSupport.dylib
0x0000000004547000 	/System/Library/Frameworks/OpenGL.framework/Versions/A/Libraries/libCoreVMClient.dylib
0x0000000004547000 	/usr/lib/libcups.2.dylib
0x0000000004547000 	/System/Library/Frameworks/Kerberos.framework/Versions/A/Kerberos
0x0000000004547000 	/System/Library/Frameworks/GSS.framework/Versions/A/GSS
0x0000000004547000 	/usr/lib/libresolv.9.dylib
0x0000000004547000 	/usr/lib/libiconv.2.dylib
0x0000000004547000 	/System/Library/PrivateFrameworks/Heimdal.framework/Versions/A/Heimdal
0x0000000004547000 	/usr/lib/libheimdal-asn1.dylib
0x0000000004547000 	/System/Library/Frameworks/OpenDirectory.framework/Versions/A/OpenDirectory
0x0000000004547000 	/System/Library/PrivateFrameworks/CommonAuth.framework/Versions/A/CommonAuth
0x0000000004547000 	/System/Library/Frameworks/OpenDirectory.framework/Versions/A/Frameworks/CFOpenDirectory.framework/Versions/A/CFOpenDirectory
0x0000000004547000 	/System/Library/Frameworks/SecurityFoundation.framework/Versions/A/SecurityFoundation
0x0000000004547000 	/System/Library/PrivateFrameworks/LanguageModeling.framework/Versions/A/LanguageModeling
0x0000000004547000 	/usr/lib/libcmph.dylib
0x0000000004547000 	/System/Library/Frameworks/ServiceManagement.framework/Versions/A/ServiceManagement
0x0000000004547000 	/usr/lib/libxslt.1.dylib
0x0000000004547000 	/System/Library/Frameworks/Carbon.framework/Versions/A/Frameworks/Ink.framework/Versions/A/Ink
0x0000000004547000 	/System/Library/Frameworks/QuartzCore.framework/Versions/A/Frameworks/CoreImage.framework/Versions/A/CoreImage
0x0000000004547000 	/System/Library/PrivateFrameworks/CrashReporterSupport.framework/Versions/A/CrashReporterSupport
0x0000000004547000 	/System/Library/Frameworks/OpenCL.framework/Versions/A/OpenCL
0x0000000004547000 	/System/Library/PrivateFrameworks/FaceCore.framework/Versions/A/FaceCore
0x0000000004547000 	/System/Library/PrivateFrameworks/Ubiquity.framework/Versions/A/Ubiquity
0x0000000004547000 	/System/Library/PrivateFrameworks/IconServices.framework/Versions/A/IconServices
0x0000000004547000 	/System/Library/PrivateFrameworks/ChunkingLibrary.framework/Versions/A/ChunkingLibrary
0x0000000004547000 	/System/Library/PrivateFrameworks/Apple80211.framework/Versions/A/Apple80211
0x0000000004547000 	/System/Library/Frameworks/CoreWLAN.framework/Versions/A/CoreWLAN
0x0000000004547000 	/System/Library/Frameworks/IOBluetooth.framework/Versions/A/IOBluetooth
0x0000000004547000 	/System/Library/PrivateFrameworks/CoreWiFi.framework/Versions/A/CoreWiFi
0x0000000004547000 	/System/Library/Frameworks/CoreBluetooth.framework/Versions/A/CoreBluetooth
0x0000000004547000 	/System/Library/PrivateFrameworks/DebugSymbols.framework/Versions/A/DebugSymbols
0x0000000004547000 	/System/Library/PrivateFrameworks/CoreSymbolication.framework/Versions/A/CoreSymbolication
0x0000000004547000 	/System/Library/PrivateFrameworks/Symbolication.framework/Versions/A/Symbolication
0x0000000004547000 	/System/Library/PrivateFrameworks/SpeechRecognitionCore.framework/Versions/A/SpeechRecognitionCore
0x000000010e02d000 	/Library/Java/JavaVirtualMachines/jdk1.8.0_60.jdk/Contents/Home/jre/lib/server/libjvm.dylib
0x0000000004547000 	/usr/lib/libstdc++.6.dylib
0x000000010efcd000 	/Library/Java/JavaVirtualMachines/jdk1.8.0_60.jdk/Contents/Home/jre/lib/libverify.dylib
0x000000010f903000 	/Library/Java/JavaVirtualMachines/jdk1.8.0_60.jdk/Contents/Home/jre/lib/libjava.dylib
0x000000010efe5000 	/Library/Java/JavaVirtualMachines/jdk1.8.0_60.jdk/Contents/Home/jre/lib/libzip.dylib
0x0000000123446000 	/System/Library/Frameworks/JavaVM.framework/Frameworks/JavaRuntimeSupport.framework/JavaRuntimeSupport
0x000000012345e000 	/System/Library/Frameworks/JavaVM.framework/Versions/A/Frameworks/JavaNativeFoundation.framework/Versions/A/JavaNativeFoundation
0x000000010efef000 	/System/Library/Frameworks/JavaVM.framework/Versions/A/JavaVM
0x0000000004547000 	/System/Library/Frameworks/Carbon.framework/Versions/A/Carbon
0x0000000123473000 	/System/Library/PrivateFrameworks/JavaLaunching.framework/Versions/A/JavaLaunching
0x0000000004547000 	/System/Library/Frameworks/Carbon.framework/Versions/A/Frameworks/CommonPanels.framework/Versions/A/CommonPanels
0x0000000004547000 	/System/Library/Frameworks/Carbon.framework/Versions/A/Frameworks/Help.framework/Versions/A/Help
0x0000000004547000 	/System/Library/Frameworks/Carbon.framework/Versions/A/Frameworks/ImageCapture.framework/Versions/A/ImageCapture
0x0000000004547000 	/System/Library/Frameworks/Carbon.framework/Versions/A/Frameworks/OpenScripting.framework/Versions/A/OpenScripting
0x0000000004547000 	/System/Library/Frameworks/Carbon.framework/Versions/A/Frameworks/Print.framework/Versions/A/Print
0x0000000004547000 	/System/Library/Frameworks/Carbon.framework/Versions/A/Frameworks/SecurityHI.framework/Versions/A/SecurityHI
0x00000001253b6000 	/Library/Java/JavaVirtualMachines/jdk1.8.0_60.jdk/Contents/Home/jre/lib/libawt.dylib
0x000000012545e000 	/Library/Java/JavaVirtualMachines/jdk1.8.0_60.jdk/Contents/Home/jre/lib/./libmlib_image.dylib
0x000000012552a000 	/Library/Java/JavaVirtualMachines/jdk1.8.0_60.jdk/Contents/Home/jre/lib/libawt_lwawt.dylib
0x00000001255df000 	/Library/Java/JavaVirtualMachines/jdk1.8.0_60.jdk/Contents/Home/jre/lib/./libosxapp.dylib
0x0000000004547000 	/System/Library/Frameworks/ExceptionHandling.framework/Versions/A/ExceptionHandling
0x0000000004547000 	/System/Library/PrivateFrameworks/CoreServicesInternal.framework/Versions/A/CoreServicesInternal
0x0000000004547000 	/System/Library/PrivateFrameworks/CloudDocs.framework/Versions/A/CloudDocs
0x0000000004547000 	/System/Library/PrivateFrameworks/CoreDuet.framework/Versions/A/CoreDuet
0x0000000004547000 	/System/Library/Frameworks/CloudKit.framework/Versions/A/CloudKit
0x0000000004547000 	/System/Library/PrivateFrameworks/ProtocolBuffer.framework/Versions/A/ProtocolBuffer
0x0000000004547000 	/System/Library/PrivateFrameworks/CoreDuetDaemonProtocol.framework/Versions/A/CoreDuetDaemonProtocol
0x0000000004547000 	/System/Library/PrivateFrameworks/CoreDuetDebugLogging.framework/Versions/A/CoreDuetDebugLogging
0x0000000004547000 	/System/Library/PrivateFrameworks/MMCS.framework/Versions/A/MMCS
0x0000000004547000 	/System/Library/Frameworks/CoreLocation.framework/Versions/A/CoreLocation
0x0000000004547000 	/System/Library/PrivateFrameworks/ProtectedCloudStorage.framework/Versions/A/ProtectedCloudStorage
0x0000000004547000 	/System/Library/PrivateFrameworks/GeoServices.framework/Versions/A/GeoServices
0x0000000004547000 	/System/Library/Frameworks/CoreGraphics.framework/Versions/A/Resources/libCGCMS.A.dylib
0x0000000004547000 	/System/Library/Frameworks/CoreGraphics.framework/Versions/A/Resources/libRIP.A.dylib
0x0000000004547000 	/System/Library/Frameworks/CoreGraphics.framework/Versions/A/Resources/libCGXType.A.dylib
0x0000000004547000 	/System/Library/Frameworks/OpenCL.framework/Versions/A/Libraries/libcldcpuengine.dylib
0x0000000004547000 	/System/Library/PrivateFrameworks/DiskImages.framework/Versions/A/DiskImages
0x0000000004547000 	/System/Library/Frameworks/DiscRecording.framework/Versions/A/DiscRecording
0x0000000004547000 	/usr/lib/libcsfde.dylib
0x0000000004547000 	/usr/lib/libcurl.4.dylib
0x0000000004547000 	/System/Library/PrivateFrameworks/MediaKit.framework/Versions/A/MediaKit
0x0000000004547000 	/usr/lib/libCoreStorage.dylib
0x0000000004547000 	/System/Library/PrivateFrameworks/EFILogin.framework/Versions/A/EFILogin
0x0000000004547000 	/usr/lib/libutil.dylib
0x0000000004547000 	/System/Library/PrivateFrameworks/FindMyDevice.framework/Versions/A/FindMyDevice
0x0000000004547000 	/System/Library/Frameworks/LDAP.framework/Versions/A/LDAP
0x0000000004547000 	/usr/lib/libsasl2.2.dylib
0x0000000004547000 	/System/Library/PrivateFrameworks/CoreDaemon.framework/Versions/B/CoreDaemon
0x0000000004547000 	/usr/lib/libcrypto.0.9.8.dylib
0x0000000004547000 	/System/Library/PrivateFrameworks/AppleSRP.framework/Versions/A/AppleSRP
0x0000000004547000 	/System/Library/PrivateFrameworks/TrustEvaluationAgent.framework/Versions/A/TrustEvaluationAgent
0x00000001288da000 	cl_kernels
0x00000001288dc000 	/System/Library/Frameworks/OpenCL.framework/Versions/A/Libraries/ImageFormats/unorm8_bgra.dylib
0x00000001288cc000 	cl_kernels
0x0000000004547000 	/System/Library/PrivateFrameworks/FamilyControls.framework/Versions/A/FamilyControls
0x0000000004547000 	/System/Library/PrivateFrameworks/CommerceKit.framework/Versions/A/Frameworks/CommerceCore.framework/Versions/A/CommerceCore
0x0000000004547000 	/System/Library/PrivateFrameworks/SystemAdministration.framework/Versions/A/SystemAdministration
0x0000000004547000 	/System/Library/PrivateFrameworks/AppContainer.framework/Versions/A/AppContainer
0x0000000004547000 	/System/Library/PrivateFrameworks/SecCodeWrapper.framework/Versions/A/SecCodeWrapper
0x0000000004547000 	/System/Library/Frameworks/DirectoryService.framework/Versions/A/DirectoryService
0x0000000004547000 	/System/Library/PrivateFrameworks/LoginUIKit.framework/Versions/A/Frameworks/LoginUICore.framework/Versions/A/LoginUICore
0x0000000004547000 	/usr/lib/libodfde.dylib
0x0000000129b60000 	/Library/Java/JavaVirtualMachines/jdk1.8.0_60.jdk/Contents/Home/jre/lib/libfontmanager.dylib
0x0000000129bc7000 	/Users/HostingPanel/Desktop/eclipse/Spacee/carage/lib/native/liblwjgl.dylib
0x0000000127d4a000 	/Library/Java/JavaVirtualMachines/jdk1.8.0_60.jdk/Contents/Home/jre/lib/libjawt.dylib
0x0000000004547000 	/System/Library/Frameworks/OpenGL.framework/Versions/A/Resources/GLEngine.bundle/GLEngine
0x0000000004547000 	/System/Library/Frameworks/OpenGL.framework/Versions/A/Libraries/libGLProgrammability.dylib
0x0000000000000000 	/System/Library/Extensions/AppleIntelHD5000GraphicsGLDriver.bundle/Contents/MacOS/AppleIntelHD5000GraphicsGLDriver
0x0000000004547000 	/System/Library/PrivateFrameworks/IOAccelerator.framework/Versions/A/IOAccelerator
0x0000000004547000 	/System/Library/PrivateFrameworks/GPUSupport.framework/Versions/A/Libraries/libGPUSupportMercury.dylib
0x0000000004547000 	/System/Library/Frameworks/OpenGL.framework/Versions/A/Resources/GLRendererFloat.bundle/GLRendererFloat

VM Arguments:
jvm_args: -Djava.library.path=/Users/HostingPanel/Desktop/eclipse/Spacee/carage/lib/native -Dfile.encoding=UTF-8 
java_command: carage.Carage
java_class_path (initial): /Users/HostingPanel/Desktop/eclipse/Spacee/carage/bin:/Users/HostingPanel/Desktop/eclipse/Spacee/carage/lib/lwjgl_util.jar:/Users/HostingPanel/Desktop/eclipse/Spacee/carage/lib/lwjgl.jar
Launcher Type: SUN_STANDARD

Environment Variables:
PATH=/usr/bin:/bin:/usr/sbin:/sbin
SHELL=/bin/bash
DISPLAY=/private/tmp/com.apple.launchd.AUpq74Fk6g/org.macosforge.xquartz:0

Signal Handlers:
SIGSEGV: [libjvm.dylib+0x5a6d31], sa_mask[0]=11111111011111110111111111111111, sa_flags=SA_ONSTACK|SA_RESTART|SA_SIGINFO
SIGBUS: [libjvm.dylib+0x5a6d31], sa_mask[0]=11111111011111110111111111111111, sa_flags=SA_RESTART|SA_SIGINFO
SIGFPE: [libjvm.dylib+0x480a4c], sa_mask[0]=11111111011111110111111111111111, sa_flags=SA_RESTART|SA_SIGINFO
SIGPIPE: [libjvm.dylib+0x480a4c], sa_mask[0]=11111111011111110111111111111111, sa_flags=SA_RESTART|SA_SIGINFO
SIGXFSZ: [libjvm.dylib+0x480a4c], sa_mask[0]=11111111011111110111111111111111, sa_flags=SA_RESTART|SA_SIGINFO
SIGILL: [libjvm.dylib+0x480a4c], sa_mask[0]=11111111011111110111111111111111, sa_flags=SA_RESTART|SA_SIGINFO
SIGUSR1: SIG_DFL, sa_mask[0]=00000000000000000000000000000000, sa_flags=none
SIGUSR2: [libjvm.dylib+0x48056a], sa_mask[0]=00100000000000000000000000000000, sa_flags=SA_RESTART|SA_SIGINFO
SIGHUP: [libjvm.dylib+0x47eb41], sa_mask[0]=11111111011111110111111111111111, sa_flags=SA_RESTART|SA_SIGINFO
SIGINT: [libjvm.dylib+0x47eb41], sa_mask[0]=11111111011111110111111111111111, sa_flags=SA_RESTART|SA_SIGINFO
SIGTERM: [libjvm.dylib+0x47eb41], sa_mask[0]=11111111011111110111111111111111, sa_flags=SA_RESTART|SA_SIGINFO
SIGQUIT: [libjvm.dylib+0x47eb41], sa_mask[0]=11111111011111110111111111111111, sa_flags=SA_RESTART|SA_SIGINFO


---------------  S Y S T E M  ---------------

OS:Bsduname:Darwin 14.3.0 Darwin Kernel Version 14.3.0: Mon Mar 23 11:59:05 PDT 2015; root:xnu-2782.20.48~5/RELEASE_X86_64 x86_64
rlimit: STACK 8192k, CORE 0k, NPROC 709, NOFILE 10240, AS infinity
load average:2.61 2.35 2.27

CPU:total 4 (2 cores per cpu, 2 threads per core) family 6 model 69 stepping 1, cmov, cx8, fxsr, mmx, sse, sse2, sse3, ssse3, sse4.1, sse4.2, popcnt, avx, avx2, aes, clmul, erms, lzcnt, ht, tsc, tscinvbit, bmi1, bmi2

Memory: 4k page, physical 4194304k(71652k free)

/proc/meminfo:


vm_info: Java HotSpot(TM) 64-Bit Server VM (25.60-b23) for bsd-amd64 JRE (1.8.0_60-b27), built on Aug  4 2015 10:47:24 by "java_re" with gcc 4.2.1 (Based on Apple Inc. build 5658) (LLVM build 2336.11.00)

time: Wed Dec 30 13:35:44 2015
elapsed time: 0 seconds (0d 0h 0m 0s)

